--------------------------------------------------------------------------------
Release 14.7 Trace  (nt64)
Copyright (c) 1995-2013 Xilinx, Inc.  All rights reserved.

C:\Xilinx\14.7\ISE_DS\ISE\bin\nt64\unwrapped\trce.exe -intstyle ise -v 3 -s 5
-n 3 -fastpaths -xml FIFO_CG_MODULE.twx FIFO_CG_MODULE.ncd -o
FIFO_CG_MODULE.twr FIFO_CG_MODULE.pcf

Design file:              FIFO_CG_MODULE.ncd
Physical constraint file: FIFO_CG_MODULE.pcf
Device,package,speed:     xc3s100e,vq100,-5 (PRODUCTION 1.27 2013-10-13)
Report level:             verbose report

Environment Variable      Effect 
--------------------      ------ 
NONE                      No environment variables were set
--------------------------------------------------------------------------------

INFO:Timing:2698 - No timing constraints found, doing default enumeration.
INFO:Timing:3412 - To improve timing, see the Timing Closure User Guide (UG612).
INFO:Timing:2752 - To get complete path coverage, use the unconstrained paths 
   option. All paths that are not constrained will be reported in the 
   unconstrained paths section(s) of the report.
INFO:Timing:3339 - The clock-to-out numbers in this timing report are based on 
   a 50 Ohm transmission line loading model.  For the details of this model, 
   and for more information on accounting for different loading conditions, 
   please see the device datasheet.
INFO:Timing:3390 - This architecture does not support a default System Jitter 
   value, please add SYSTEM_JITTER constraint to the UCF to modify the Clock 
   Uncertainty calculation.
INFO:Timing:3389 - This architecture does not support 'Discrete Jitter' and 
   'Phase Error' calculations, these terms will be zero in the Clock 
   Uncertainty calculation.  Please make appropriate modification to 
   SYSTEM_JITTER to account for the unsupported Discrete Jitter and Phase 
   Error.



Data Sheet report:
-----------------
All values displayed in nanoseconds (ns)

Setup/Hold to clock CLK
------------+------------+------------+------------------+--------+
            |Max Setup to|Max Hold to |                  | Clock  |
Source      | clk (edge) | clk (edge) |Internal Clock(s) | Phase  |
------------+------------+------------+------------------+--------+
Din<0>      |    0.347(R)|    0.974(R)|CLK_BUFGP         |   0.000|
Din<1>      |    0.591(R)|    0.779(R)|CLK_BUFGP         |   0.000|
Din<2>      |    0.213(R)|    1.081(R)|CLK_BUFGP         |   0.000|
Din<3>      |    0.319(R)|    0.996(R)|CLK_BUFGP         |   0.000|
Din<4>      |    0.791(R)|    0.619(R)|CLK_BUFGP         |   0.000|
Din<5>      |    0.789(R)|    0.620(R)|CLK_BUFGP         |   0.000|
Din<6>      |    0.707(R)|    0.686(R)|CLK_BUFGP         |   0.000|
Din<7>      |    1.183(R)|    0.305(R)|CLK_BUFGP         |   0.000|
RD_EN       |    2.457(R)|    0.439(R)|CLK_BUFGP         |   0.000|
WR_EN       |    2.970(R)|    0.314(R)|CLK_BUFGP         |   0.000|
------------+------------+------------+------------------+--------+

Clock CLK to Pad
------------+------------+------------------+--------+
            | clk (edge) |                  | Clock  |
Destination |   to PAD   |Internal Clock(s) | Phase  |
------------+------------+------------------+--------+
Dout<0>     |    8.980(R)|CLK_BUFGP         |   0.000|
Dout<1>     |    9.370(R)|CLK_BUFGP         |   0.000|
Dout<2>     |    8.959(R)|CLK_BUFGP         |   0.000|
Dout<3>     |    9.561(R)|CLK_BUFGP         |   0.000|
Dout<4>     |    9.391(R)|CLK_BUFGP         |   0.000|
Dout<5>     |    9.200(R)|CLK_BUFGP         |   0.000|
Dout<6>     |    9.423(R)|CLK_BUFGP         |   0.000|
Dout<7>     |    9.456(R)|CLK_BUFGP         |   0.000|
Empty       |    7.164(R)|CLK_BUFGP         |   0.000|
Full        |    7.471(R)|CLK_BUFGP         |   0.000|
------------+------------+------------------+--------+

Clock to Setup on destination clock CLK
---------------+---------+---------+---------+---------+
               | Src:Rise| Src:Fall| Src:Rise| Src:Fall|
Source Clock   |Dest:Rise|Dest:Rise|Dest:Fall|Dest:Fall|
---------------+---------+---------+---------+---------+
CLK            |    4.818|         |         |         |
---------------+---------+---------+---------+---------+


Analysis completed Thu Apr 08 23:53:25 2021 
--------------------------------------------------------------------------------

Trace Settings:
-------------------------
Trace Settings 

Peak Memory Usage: 4487 MB



