Release 14.7 - xst P.20131013 (nt)
Copyright (c) 1995-2013 Xilinx, Inc.  All rights reserved.
--> Parameter TMPDIR set to xst/projnav.tmp


Total REAL time to Xst completion: 0.00 secs
Total CPU time to Xst completion: 0.12 secs
 
--> Parameter xsthdpdir set to xst


Total REAL time to Xst completion: 0.00 secs
Total CPU time to Xst completion: 0.12 secs
 
--> Reading design: RAM.prj

TABLE OF CONTENTS
  1) Synthesis Options Summary
  2) HDL Compilation
  3) Design Hierarchy Analysis
  4) HDL Analysis
  5) HDL Synthesis
     5.1) HDL Synthesis Report
  6) Advanced HDL Synthesis
     6.1) Advanced HDL Synthesis Report
  7) Low Level Synthesis
  8) Partition Report
  9) Final Report
	9.1) Device utilization summary
	9.2) Partition Resource Summary
	9.3) TIMING REPORT


=========================================================================
*                      Synthesis Options Summary                        *
=========================================================================
---- Source Parameters
Input File Name                    : "RAM.prj"
Input Format                       : mixed
Ignore Synthesis Constraint File   : NO

---- Target Parameters
Output File Name                   : "RAM"
Output Format                      : NGC
Target Device                      : xc3s100e-5-vq100

---- Source Options
Top Module Name                    : RAM
Automatic FSM Extraction           : YES
FSM Encoding Algorithm             : Auto
Safe Implementation                : No
FSM Style                          : LUT
RAM Extraction                     : Yes
RAM Style                          : Auto
ROM Extraction                     : Yes
Mux Style                          : Auto
Decoder Extraction                 : YES
Priority Encoder Extraction        : Yes
Shift Register Extraction          : YES
Logical Shifter Extraction         : YES
XOR Collapsing                     : YES
ROM Style                          : Auto
Mux Extraction                     : Yes
Resource Sharing                   : YES
Asynchronous To Synchronous        : NO
Multiplier Style                   : Auto
Automatic Register Balancing       : No

---- Target Options
Add IO Buffers                     : YES
Global Maximum Fanout              : 100000
Add Generic Clock Buffer(BUFG)     : 24
Register Duplication               : YES
Slice Packing                      : YES
Optimize Instantiated Primitives   : NO
Use Clock Enable                   : Yes
Use Synchronous Set                : Yes
Use Synchronous Reset              : Yes
Pack IO Registers into IOBs        : Auto
Equivalent register Removal        : YES

---- General Options
Optimization Goal                  : Speed
Optimization Effort                : 1
Keep Hierarchy                     : No
Netlist Hierarchy                  : As_Optimized
RTL Output                         : Yes
Global Optimization                : AllClockNets
Read Cores                         : YES
Write Timing Constraints           : NO
Cross Clock Analysis               : NO
Hierarchy Separator                : /
Bus Delimiter                      : <>
Case Specifier                     : Maintain
Slice Utilization Ratio            : 100
BRAM Utilization Ratio             : 100
Verilog 2001                       : YES
Auto BRAM Packing                  : NO
Slice Utilization Ratio Delta      : 5

---- Other Options
Cores Search Directories           : {"ipcore_dir"  }

=========================================================================


=========================================================================
*                          HDL Compilation                              *
=========================================================================
Compiling verilog file "RAM.v" in library work
Module <RAM> compiled
No errors in compilation
Analysis of file <"RAM.prj"> succeeded.
 

=========================================================================
*                     Design Hierarchy Analysis                         *
=========================================================================
Analyzing hierarchy for module <RAM> in library <work>.


=========================================================================
*                            HDL Analysis                               *
=========================================================================
Analyzing top module <RAM>.
Module <RAM> is correct for synthesis.
 

=========================================================================
*                           HDL Synthesis                               *
=========================================================================

Performing bidirectional port resolution...

Synthesizing Unit <RAM>.
    Related source file is "RAM.v".
    Found 256x8-bit dual-port RAM <Mram_ram> for signal <ram>.
    Found 8-bit register for signal <read_a>.
    Summary:
	inferred   1 RAM(s).
	inferred   8 D-type flip-flop(s).
Unit <RAM> synthesized.


=========================================================================
HDL Synthesis Report

Macro Statistics
# RAMs                                                 : 1
 256x8-bit dual-port RAM                               : 1
# Registers                                            : 1
 8-bit register                                        : 1

=========================================================================

=========================================================================
*                       Advanced HDL Synthesis                          *
=========================================================================


Synthesizing (advanced) Unit <RAM>.
INFO:Xst:3218 - HDL ADVISOR - The RAM <Mram_ram> will be implemented on LUTs either because you have described an asynchronous read or because of currently unsupported block RAM features. If you have described an asynchronous read, making it synchronous would allow you to take advantage of available block RAM resources, for optimized device usage and improved timings. Please refer to your documentation for coding guidelines.
    -----------------------------------------------------------------------
    | ram_type           | Distributed                         |          |
    -----------------------------------------------------------------------
    | Port A                                                              |
    |     aspect ratio   | 256-word x 8-bit                    |          |
    |     clkA           | connected to signal <CLK>           | rise     |
    |     weA            | connected to signal <WE_0>          | high     |
    |     addrA          | connected to signal <Addr>          |          |
    |     diA            | connected to signal <Din>           |          |
    -----------------------------------------------------------------------
    | Port B                                                              |
    |     aspect ratio   | 256-word x 8-bit                    |          |
    |     addrB          | connected to signal <read_a>        |          |
    |     doB            | connected to signal <Dout>          |          |
    -----------------------------------------------------------------------
Unit <RAM> synthesized (advanced).

=========================================================================
Advanced HDL Synthesis Report

Macro Statistics
# RAMs                                                 : 1
 256x8-bit dual-port distributed RAM                   : 1
# Registers                                            : 8
 Flip-Flops                                            : 8

=========================================================================

=========================================================================
*                         Low Level Synthesis                           *
=========================================================================

Optimizing unit <RAM> ...

Mapping all equations...
Building and optimizing final netlist ...
Found area constraint ratio of 100 (+ 5) on block RAM, actual ratio is 5.
FlipFlop read_a_0 has been replicated 7 time(s)
FlipFlop read_a_1 has been replicated 7 time(s)
FlipFlop read_a_2 has been replicated 7 time(s)
FlipFlop read_a_3 has been replicated 7 time(s)

Final Macro Processing ...

=========================================================================
Final Register Report

Macro Statistics
# Registers                                            : 36
 Flip-Flops                                            : 36

=========================================================================

=========================================================================
*                           Partition Report                            *
=========================================================================

Partition Implementation Status
-------------------------------

  No Partitions were found in this design.

-------------------------------

=========================================================================
*                            Final Report                               *
=========================================================================
Final Results
RTL Top Level Output File Name     : RAM.ngr
Top Level Output File Name         : RAM
Output Format                      : NGC
Optimization Goal                  : Speed
Keep Hierarchy                     : No

Design Statistics
# IOs                              : 28

Cell Usage :
# BELS                             : 139
#      LUT2                        : 1
#      LUT3                        : 64
#      LUT4                        : 18
#      MUXF5                       : 32
#      MUXF6                       : 16
#      MUXF7                       : 8
# FlipFlops/Latches                : 36
#      FDE                         : 36
# RAMS                             : 128
#      RAM16X1D                    : 128
# Clock Buffers                    : 1
#      BUFGP                       : 1
# IO Buffers                       : 27
#      IBUF                        : 19
#      OBUF                        : 8
=========================================================================

Device utilization summary:
---------------------------

Selected Device : 3s100evq100-5 

 Number of Slices:                       57  out of    960     5%  
 Number of Slice Flip Flops:             36  out of   1920     1%  
 Number of 4 input LUTs:                339  out of   1920    17%  
    Number used as logic:                83
    Number used as RAMs:                256
 Number of IOs:                          28
 Number of bonded IOBs:                  28  out of     66    42%  
 Number of GCLKs:                         1  out of     24     4%  

---------------------------
Partition Resource Summary:
---------------------------

  No Partitions were found in this design.

---------------------------


=========================================================================
TIMING REPORT

NOTE: THESE TIMING NUMBERS ARE ONLY A SYNTHESIS ESTIMATE.
      FOR ACCURATE TIMING INFORMATION PLEASE REFER TO THE TRACE REPORT
      GENERATED AFTER PLACE-and-ROUTE.

Clock Information:
------------------
-----------------------------------+------------------------+-------+
Clock Signal                       | Clock buffer(FF name)  | Load  |
-----------------------------------+------------------------+-------+
CLK                                | BUFGP                  | 164   |
-----------------------------------+------------------------+-------+

Asynchronous Control Signals Information:
----------------------------------------
No asynchronous control signals found in this design

Timing Summary:
---------------
Speed Grade: -5

   Minimum period: 1.422ns (Maximum Frequency: 703.334MHz)
   Minimum input arrival time before clock: 4.713ns
   Maximum output required time after clock: 7.778ns
   Maximum combinational path delay: No path found

Timing Detail:
--------------
All values displayed in nanoseconds (ns)

=========================================================================
Timing constraint: Default period analysis for Clock 'CLK'
  Clock period: 1.422ns (frequency: 703.334MHz)
  Total number of paths / destination ports: 512 / 512
-------------------------------------------------------------------------
Delay:               1.422ns (Levels of Logic = 0)
  Source:            read_a_0_5 (FF)
  Destination:       Mram_ram21 (RAM)
  Source Clock:      CLK rising
  Destination Clock: CLK rising

  Data Path: read_a_0_5 to Mram_ram21
                                Gate     Net
    Cell:in->out      fanout   Delay   Delay  Logical Name (Net Name)
    ----------------------------------------  ------------
     FDE:C->Q             18   0.514   0.908  read_a_0_5 (read_a_0_5)
     RAM16X1D:DPRA0            0.000          Mram_ram38
    ----------------------------------------
    Total                      1.422ns (0.514ns logic, 0.908ns route)
                                       (36.2% logic, 63.8% route)

=========================================================================
Timing constraint: Default OFFSET IN BEFORE for Clock 'CLK'
  Total number of paths / destination ports: 1644 / 840
-------------------------------------------------------------------------
Offset:              4.713ns (Levels of Logic = 3)
  Source:            EN (PAD)
  Destination:       Mram_ram8 (RAM)
  Destination Clock: CLK rising

  Data Path: EN to Mram_ram8
                                Gate     Net
    Cell:in->out      fanout   Delay   Delay  Logical Name (Net Name)
    ----------------------------------------  ------------
     IBUF:I->O             3   1.106   0.603  EN_IBUF (EN_IBUF)
     LUT4:I0->O            8   0.612   0.795  write_ctrl_SW0 (N82)
     LUT4:I0->O            8   0.612   0.643  write_ctrl7 (write_ctrl7)
     RAM16X1D:WE               0.341          Mram_ram8
    ----------------------------------------
    Total                      4.713ns (2.671ns logic, 2.042ns route)
                                       (56.7% logic, 43.3% route)

=========================================================================
Timing constraint: Default OFFSET OUT AFTER for Clock 'CLK'
  Total number of paths / destination ports: 760 / 8
-------------------------------------------------------------------------
Offset:              7.778ns (Levels of Logic = 6)
  Source:            read_a_0 (FF)
  Destination:       Dout<7> (PAD)
  Source Clock:      CLK rising

  Data Path: read_a_0 to Dout<7>
                                Gate     Net
    Cell:in->out      fanout   Delay   Delay  Logical Name (Net Name)
    ----------------------------------------  ------------
     FDE:C->Q             18   0.514   0.908  read_a_0 (read_a_0)
     RAM16X1D:DPRA0->DPO    1   0.612   0.426  Mram_ram111 (N239)
     LUT3:I1->O            1   0.612   0.000  inst_LPM_MUX6_5 (inst_LPM_MUX6_5)
     MUXF5:I1->O           1   0.278   0.000  inst_LPM_MUX6_4_f5 (inst_LPM_MUX6_4_f5)
     MUXF6:I1->O           1   0.451   0.000  inst_LPM_MUX6_3_f6 (inst_LPM_MUX6_3_f6)
     MUXF7:I1->O           1   0.451   0.357  inst_LPM_MUX6_2_f7 (Dout_6_OBUF)
     OBUF:I->O                 3.169          Dout_6_OBUF (Dout<6>)
    ----------------------------------------
    Total                      7.778ns (6.087ns logic, 1.691ns route)
                                       (78.3% logic, 21.7% route)

=========================================================================


Total REAL time to Xst completion: 3.00 secs
Total CPU time to Xst completion: 3.85 secs
 
--> 

Total memory usage is 240936 kilobytes

Number of errors   :    0 (   0 filtered)
Number of warnings :    0 (   0 filtered)
Number of infos    :    1 (   0 filtered)

