--------------------------------------------------------------------------------
Release 14.7 Trace  (nt)
Copyright (c) 1995-2013 Xilinx, Inc.  All rights reserved.

C:\Xilinx\14.7\ISE_DS\ISE\bin\nt\unwrapped\trce.exe -intstyle ise -v 3 -s 5 -n
3 -fastpaths -xml ALU74181.twx ALU74181.ncd -o ALU74181.twr ALU74181.pcf

Design file:              ALU74181.ncd
Physical constraint file: ALU74181.pcf
Device,package,speed:     xc3s100e,vq100,-5 (PRODUCTION 1.27 2013-10-13)
Report level:             verbose report

Environment Variable      Effect 
--------------------      ------ 
NONE                      No environment variables were set
--------------------------------------------------------------------------------

INFO:Timing:2698 - No timing constraints found, doing default enumeration.
INFO:Timing:3412 - To improve timing, see the Timing Closure User Guide (UG612).
INFO:Timing:2752 - To get complete path coverage, use the unconstrained paths 
   option. All paths that are not constrained will be reported in the 
   unconstrained paths section(s) of the report.
INFO:Timing:3339 - The clock-to-out numbers in this timing report are based on 
   a 50 Ohm transmission line loading model.  For the details of this model, 
   and for more information on accounting for different loading conditions, 
   please see the device datasheet.
INFO:Timing:3390 - This architecture does not support a default System Jitter 
   value, please add SYSTEM_JITTER constraint to the UCF to modify the Clock 
   Uncertainty calculation.
INFO:Timing:3389 - This architecture does not support 'Discrete Jitter' and 
   'Phase Error' calculations, these terms will be zero in the Clock 
   Uncertainty calculation.  Please make appropriate modification to 
   SYSTEM_JITTER to account for the unsupported Discrete Jitter and Phase 
   Error.



Data Sheet report:
-----------------
All values displayed in nanoseconds (ns)

Pad to Pad
---------------+---------------+---------+
Source Pad     |Destination Pad|  Delay  |
---------------+---------------+---------+
A<0>           |C_nplus4       |    9.548|
A<0>           |F<0>           |    6.717|
A<0>           |F<1>           |    8.621|
A<0>           |F<2>           |    9.315|
A<0>           |F<3>           |   10.312|
A<0>           |eq             |   11.195|
A<0>           |finalG         |    7.692|
A<0>           |finalP         |    8.924|
A<1>           |C_nplus4       |    9.021|
A<1>           |F<1>           |    7.787|
A<1>           |F<2>           |    9.652|
A<1>           |F<3>           |   10.649|
A<1>           |eq             |   11.532|
A<1>           |finalG         |    7.591|
A<1>           |finalP         |    8.397|
A<2>           |C_nplus4       |    9.615|
A<2>           |F<2>           |    8.035|
A<2>           |F<3>           |    9.752|
A<2>           |eq             |    9.924|
A<2>           |finalG         |    7.898|
A<2>           |finalP         |    8.991|
A<3>           |C_nplus4       |    8.411|
A<3>           |F<3>           |    8.248|
A<3>           |eq             |    8.420|
A<3>           |finalG         |    7.140|
A<3>           |finalP         |    7.948|
B<0>           |C_nplus4       |    9.148|
B<0>           |F<0>           |    6.317|
B<0>           |F<1>           |    8.221|
B<0>           |F<2>           |    8.915|
B<0>           |F<3>           |    9.912|
B<0>           |eq             |   10.795|
B<0>           |finalG         |    7.292|
B<0>           |finalP         |    8.524|
B<1>           |C_nplus4       |    9.121|
B<1>           |F<1>           |    7.743|
B<1>           |F<2>           |    9.752|
B<1>           |F<3>           |   10.749|
B<1>           |eq             |   11.632|
B<1>           |finalG         |    7.691|
B<1>           |finalP         |    8.497|
B<2>           |C_nplus4       |    9.574|
B<2>           |F<2>           |    8.149|
B<2>           |F<3>           |    9.711|
B<2>           |eq             |   10.029|
B<2>           |finalG         |    7.857|
B<2>           |finalP         |    8.950|
B<3>           |C_nplus4       |    8.240|
B<3>           |F<3>           |    7.925|
B<3>           |eq             |    8.097|
B<3>           |finalG         |    6.817|
B<3>           |finalP         |    8.199|
C_n            |C_nplus4       |    7.553|
C_n            |F<0>           |    5.841|
C_n            |F<1>           |    7.212|
C_n            |F<2>           |    7.906|
C_n            |F<3>           |    8.903|
C_n            |eq             |    9.786|
M              |F<0>           |    6.522|
M              |F<1>           |    6.811|
M              |F<2>           |    6.987|
M              |F<3>           |    7.044|
M              |eq             |    8.867|
S<0>           |C_nplus4       |    9.489|
S<0>           |F<0>           |    6.658|
S<0>           |F<1>           |    8.506|
S<0>           |F<2>           |    9.200|
S<0>           |F<3>           |   10.197|
S<0>           |eq             |   11.080|
S<0>           |finalP         |    8.865|
S<1>           |C_nplus4       |    9.327|
S<1>           |F<0>           |    6.496|
S<1>           |F<1>           |    8.344|
S<1>           |F<2>           |    9.038|
S<1>           |F<3>           |   10.035|
S<1>           |eq             |   10.918|
S<1>           |finalP         |    8.703|
S<2>           |C_nplus4       |    9.144|
S<2>           |F<0>           |    7.639|
S<2>           |F<1>           |    9.543|
S<2>           |F<2>           |   10.237|
S<2>           |F<3>           |   11.234|
S<2>           |eq             |   12.117|
S<2>           |finalG         |    8.614|
S<2>           |finalP         |    8.463|
S<3>           |C_nplus4       |    9.173|
S<3>           |F<0>           |    7.436|
S<3>           |F<1>           |    9.340|
S<3>           |F<2>           |   10.034|
S<3>           |F<3>           |   11.031|
S<3>           |eq             |   11.914|
S<3>           |finalG         |    8.411|
S<3>           |finalP         |    8.549|
---------------+---------------+---------+


Analysis completed Wed Mar 03 17:24:01 2021 
--------------------------------------------------------------------------------

Trace Settings:
-------------------------
Trace Settings 

Peak Memory Usage: 129 MB



